TN:
SF:src/clients/redisClient.ts
FN:8,(anonymous_1)
FN:12,(anonymous_2)
FN:19,(anonymous_3)
FNF:3
FNH:2
FNDA:1,(anonymous_1)
FNDA:14,(anonymous_2)
FNDA:0,(anonymous_3)
DA:1,1
DA:3,1
DA:7,1
DA:9,1
DA:13,14
DA:14,1
DA:16,14
DA:20,0
LF:8
LH:7
BRDA:7,0,0,1
BRDA:7,0,1,1
BRDA:13,1,0,1
BRF:3
BRH:3
end_of_record
TN:
SF:src/middlewares/errors/cacheError.ts
FN:3,(anonymous_0)
FNF:1
FNH:1
FNDA:6,(anonymous_0)
DA:1,1
DA:3,6
DA:4,6
DA:5,6
DA:6,6
LF:5
LH:5
BRDA:3,0,0,0
BRF:1
BRH:0
end_of_record
TN:
SF:src/service/cacheService.ts
FN:9,(anonymous_7)
FN:14,(anonymous_8)
FN:22,(anonymous_10)
FN:47,(anonymous_12)
FN:74,(anonymous_14)
FNF:5
FNH:5
FNDA:7,(anonymous_7)
FNDA:2,(anonymous_8)
FNDA:3,(anonymous_10)
FNDA:2,(anonymous_12)
FNDA:2,(anonymous_14)
DA:2,1
DA:4,1
DA:6,1
DA:10,7
DA:11,7
DA:15,2
DA:16,2
DA:17,1
DA:19,1
DA:24,3
DA:27,3
DA:29,3
DA:31,3
DA:32,1
DA:33,1
DA:36,2
DA:38,2
DA:39,1
DA:40,1
DA:43,1
DA:48,2
DA:49,2
DA:50,1
DA:52,1
DA:53,1
DA:55,1
DA:58,1
DA:61,1
DA:67,1
DA:70,1
DA:75,2
DA:76,2
DA:77,1
DA:78,1
DA:81,1
LF:35
LH:35
BRDA:11,0,0,7
BRDA:11,0,1,7
BRDA:16,1,0,1
BRDA:24,2,0,3
BRDA:24,2,1,0
BRDA:31,3,0,1
BRDA:38,4,0,1
BRDA:38,4,1,1
BRDA:49,5,0,1
BRDA:49,5,1,1
BRDA:58,6,0,0
BRDA:58,6,1,1
BRDA:65,7,0,1
BRDA:65,7,1,0
BRDA:76,8,0,1
BRDA:76,8,1,1
BRF:16
BRH:13
end_of_record
TN:
SF:tests/mocks/cacheCreateRequestBody.ts
FNF:0
FNH:0
DA:3,1
DA:12,1
LF:2
LH:2
BRF:0
BRH:0
end_of_record
TN:
SF:tests/mocks/cacheCreateResponseBody.ts
FNF:0
FNH:0
DA:1,1
DA:14,1
DA:27,1
LF:3
LH:3
BRF:0
BRH:0
end_of_record
TN:
SF:tests/mocks/cacheGetResponseBody.ts
FNF:0
FNH:0
DA:1,1
DA:14,1
LF:2
LH:2
BRF:0
BRH:0
end_of_record
