{"/Users/esh/Desktop/customizable-caching-api/src/clients/redisClient.ts": {"path":"/Users/esh/Desktop/customizable-caching-api/src/clients/redisClient.ts","statementMap":{"0":{"start":{"line":1,"column":0},"end":{"line":1,"column":28}},"1":{"start":{"line":7,"column":21},"end":{"line":7,"column":83}},"2":{"start":{"line":9,"column":8},"end":{"line":9,"column":52}},"3":{"start":{"line":13,"column":8},"end":{"line":15,"column":9}},"4":{"start":{"line":14,"column":12},"end":{"line":14,"column":53}},"5":{"start":{"line":16,"column":8},"end":{"line":16,"column":36}},"6":{"start":{"line":20,"column":8},"end":{"line":20,"column":32}},"7":{"start":{"line":3,"column":0},"end":{"line":3,"column":13}}},"fnMap":{"0":{"name":"(anonymous_1)","decl":{"start":{"line":8,"column":4},"end":{"line":8,"column":null}},"loc":{"start":{"line":8,"column":4},"end":{"line":10,"column":5}}},"1":{"name":"(anonymous_2)","decl":{"start":{"line":12,"column":11},"end":{"line":12,"column":17}},"loc":{"start":{"line":12,"column":29},"end":{"line":17,"column":5}}},"2":{"name":"(anonymous_3)","decl":{"start":{"line":19,"column":11},"end":{"line":19,"column":25}},"loc":{"start":{"line":19,"column":25},"end":{"line":21,"column":5}}}},"branchMap":{"0":{"loc":{"start":{"line":7,"column":41},"end":{"line":7,"column":82}},"type":"binary-expr","locations":[{"start":{"line":7,"column":41},"end":{"line":7,"column":62}},{"start":{"line":7,"column":66},"end":{"line":7,"column":82}}]},"1":{"loc":{"start":{"line":13,"column":8},"end":{"line":15,"column":9}},"type":"if","locations":[{"start":{"line":13,"column":8},"end":{"line":15,"column":9}}]}},"s":{"0":1,"1":1,"2":1,"3":14,"4":1,"5":14,"6":0,"7":1},"f":{"0":1,"1":14,"2":0},"b":{"0":[1,1],"1":[1]}}
,"/Users/esh/Desktop/customizable-caching-api/src/middlewares/errors/cacheError.ts": {"path":"/Users/esh/Desktop/customizable-caching-api/src/middlewares/errors/cacheError.ts","statementMap":{"0":{"start":{"line":4,"column":6},"end":{"line":4,"column":21}},"1":{"start":{"line":3,"column":40},"end":{"line":3,"column":62}},"2":{"start":{"line":5,"column":6},"end":{"line":5,"column":31}},"3":{"start":{"line":6,"column":6},"end":{"line":6,"column":null}},"4":{"start":{"line":1,"column":0},"end":{"line":1,"column":13}}},"fnMap":{"0":{"name":"(anonymous_0)","decl":{"start":{"line":3,"column":4},"end":{"line":3,"column":16}},"loc":{"start":{"line":3,"column":65},"end":{"line":7,"column":5}}}},"branchMap":{"0":{"loc":{"start":{"line":3,"column":40},"end":{"line":3,"column":65}},"type":"default-arg","locations":[{"start":{"line":3,"column":62},"end":{"line":3,"column":65}}]}},"s":{"0":6,"1":6,"2":6,"3":6,"4":1},"f":{"0":6},"b":{"0":[0]}}
,"/Users/esh/Desktop/customizable-caching-api/src/service/cacheService.ts": {"path":"/Users/esh/Desktop/customizable-caching-api/src/service/cacheService.ts","statementMap":{"0":{"start":{"line":2,"column":0},"end":{"line":2,"column":62}},"1":{"start":{"line":4,"column":0},"end":{"line":4,"column":53}},"2":{"start":{"line":10,"column":8},"end":{"line":10,"column":70}},"3":{"start":{"line":11,"column":8},"end":{"line":11,"column":63}},"4":{"start":{"line":15,"column":21},"end":{"line":15,"column":52}},"5":{"start":{"line":16,"column":8},"end":{"line":18,"column":9}},"6":{"start":{"line":17,"column":12},"end":{"line":17,"column":25}},"7":{"start":{"line":19,"column":8},"end":{"line":19,"column":20}},"8":{"start":{"line":24,"column":32},"end":{"line":25,"column":52}},"9":{"start":{"line":27,"column":37},"end":{"line":27,"column":135}},"10":{"start":{"line":29,"column":23},"end":{"line":29,"column":57}},"11":{"start":{"line":31,"column":8},"end":{"line":34,"column":9}},"12":{"start":{"line":32,"column":12},"end":{"line":32,"column":null}},"13":{"start":{"line":33,"column":12},"end":{"line":33,"column":87}},"14":{"start":{"line":36,"column":28},"end":{"line":36,"column":52}},"15":{"start":{"line":38,"column":8},"end":{"line":44,"column":9}},"16":{"start":{"line":39,"column":12},"end":{"line":39,"column":null}},"17":{"start":{"line":40,"column":12},"end":{"line":40,"column":84}},"18":{"start":{"line":43,"column":12},"end":{"line":43,"column":85}},"19":{"start":{"line":48,"column":23},"end":{"line":48,"column":57}},"20":{"start":{"line":49,"column":8},"end":{"line":71,"column":9}},"21":{"start":{"line":50,"column":42},"end":{"line":50,"column":101}},"22":{"start":{"line":52,"column":12},"end":{"line":56,"column":13}},"23":{"start":{"line":53,"column":16},"end":{"line":53,"column":62}},"24":{"start":{"line":55,"column":16},"end":{"line":55,"column":61}},"25":{"start":{"line":58,"column":36},"end":{"line":59,"column":72}},"26":{"start":{"line":61,"column":12},"end":{"line":66,"column":15}},"27":{"start":{"line":67,"column":12},"end":{"line":67,"column":70}},"28":{"start":{"line":70,"column":12},"end":{"line":70,"column":57}},"29":{"start":{"line":75,"column":23},"end":{"line":75,"column":57}},"30":{"start":{"line":76,"column":8},"end":{"line":82,"column":9}},"31":{"start":{"line":77,"column":12},"end":{"line":77,"column":44}},"32":{"start":{"line":78,"column":12},"end":{"line":78,"column":59}},"33":{"start":{"line":81,"column":12},"end":{"line":81,"column":57}},"34":{"start":{"line":6,"column":0},"end":{"line":6,"column":13}}},"fnMap":{"0":{"name":"(anonymous_7)","decl":{"start":{"line":9,"column":4},"end":{"line":9,"column":null}},"loc":{"start":{"line":9,"column":4},"end":{"line":12,"column":5}}},"1":{"name":"(anonymous_8)","decl":{"start":{"line":14,"column":10},"end":{"line":14,"column":21}},"loc":{"start":{"line":14,"column":21},"end":{"line":20,"column":null}}},"2":{"name":"(anonymous_10)","decl":{"start":{"line":22,"column":10},"end":{"line":22,"column":18}},"loc":{"start":{"line":22,"column":42},"end":{"line":45,"column":null}}},"3":{"name":"(anonymous_12)","decl":{"start":{"line":47,"column":10},"end":{"line":47,"column":18}},"loc":{"start":{"line":47,"column":30},"end":{"line":72,"column":null}}},"4":{"name":"(anonymous_14)","decl":{"start":{"line":74,"column":10},"end":{"line":74,"column":21}},"loc":{"start":{"line":74,"column":33},"end":{"line":83,"column":null}}}},"branchMap":{"0":{"loc":{"start":{"line":11,"column":23},"end":{"line":11,"column":62}},"type":"binary-expr","locations":[{"start":{"line":11,"column":23},"end":{"line":11,"column":57}},{"start":{"line":11,"column":61},"end":{"line":11,"column":62}}]},"1":{"loc":{"start":{"line":16,"column":8},"end":{"line":18,"column":9}},"type":"if","locations":[{"start":{"line":16,"column":8},"end":{"line":18,"column":9}}]},"2":{"loc":{"start":{"line":24,"column":32},"end":{"line":25,"column":52}},"type":"cond-expr","locations":[{"start":{"line":25,"column":12},"end":{"line":25,"column":33}},{"start":{"line":25,"column":36},"end":{"line":25,"column":52}}]},"3":{"loc":{"start":{"line":31,"column":8},"end":{"line":34,"column":9}},"type":"if","locations":[{"start":{"line":31,"column":8},"end":{"line":34,"column":9}}]},"4":{"loc":{"start":{"line":38,"column":8},"end":{"line":44,"column":9}},"type":"if","locations":[{"start":{"line":38,"column":8},"end":{"line":44,"column":9}},{"start":{"line":42,"column":12},"end":{"line":44,"column":9}}]},"5":{"loc":{"start":{"line":49,"column":8},"end":{"line":71,"column":9}},"type":"if","locations":[{"start":{"line":49,"column":8},"end":{"line":71,"column":9}},{"start":{"line":69,"column":12},"end":{"line":71,"column":9}}]},"6":{"loc":{"start":{"line":58,"column":36},"end":{"line":59,"column":72}},"type":"cond-expr","locations":[{"start":{"line":59,"column":12},"end":{"line":59,"column":43}},{"start":{"line":59,"column":46},"end":{"line":59,"column":72}}]},"7":{"loc":{"start":{"line":65,"column":36},"end":{"line":65,"column":61}},"type":"binary-expr","locations":[{"start":{"line":65,"column":36},"end":{"line":65,"column":57}},{"start":{"line":65,"column":60},"end":{"line":65,"column":61}}]},"8":{"loc":{"start":{"line":76,"column":8},"end":{"line":82,"column":9}},"type":"if","locations":[{"start":{"line":76,"column":8},"end":{"line":82,"column":9}},{"start":{"line":80,"column":12},"end":{"line":82,"column":9}}]}},"s":{"0":1,"1":1,"2":7,"3":7,"4":2,"5":2,"6":1,"7":1,"8":3,"9":3,"10":3,"11":3,"12":1,"13":1,"14":2,"15":2,"16":1,"17":1,"18":1,"19":2,"20":2,"21":1,"22":1,"23":1,"24":1,"25":1,"26":1,"27":1,"28":1,"29":2,"30":2,"31":1,"32":1,"33":1,"34":1},"f":{"0":7,"1":2,"2":3,"3":2,"4":2},"b":{"0":[7,7],"1":[1],"2":[3,0],"3":[1],"4":[1,1],"5":[1,1],"6":[0,1],"7":[1,0],"8":[1,1]}}
,"/Users/esh/Desktop/customizable-caching-api/tests/mocks/cacheCreateRequestBody.ts": {"path":"/Users/esh/Desktop/customizable-caching-api/tests/mocks/cacheCreateRequestBody.ts","statementMap":{"0":{"start":{"line":3,"column":41},"end":{"line":10,"column":null}},"1":{"start":{"line":12,"column":0},"end":{"line":12,"column":36}}},"fnMap":{},"branchMap":{},"s":{"0":1,"1":1},"f":{},"b":{}}
,"/Users/esh/Desktop/customizable-caching-api/tests/mocks/cacheCreateResponseBody.ts": {"path":"/Users/esh/Desktop/customizable-caching-api/tests/mocks/cacheCreateResponseBody.ts","statementMap":{"0":{"start":{"line":1,"column":32},"end":{"line":12,"column":null}},"1":{"start":{"line":27,"column":33},"end":{"line":27,"column":56}},"2":{"start":{"line":14,"column":32},"end":{"line":25,"column":null}},"3":{"start":{"line":27,"column":8},"end":{"line":27,"column":31}}},"fnMap":{},"branchMap":{},"s":{"0":1,"1":1,"2":1,"3":1},"f":{},"b":{}}
,"/Users/esh/Desktop/customizable-caching-api/tests/mocks/cacheGetResponseBody.ts": {"path":"/Users/esh/Desktop/customizable-caching-api/tests/mocks/cacheGetResponseBody.ts","statementMap":{"0":{"start":{"line":1,"column":30},"end":{"line":12,"column":null}},"1":{"start":{"line":14,"column":0},"end":{"line":14,"column":37}}},"fnMap":{},"branchMap":{},"s":{"0":1,"1":1},"f":{},"b":{}}
}
